This file contains any messages produced by compilers while
running configure, to aid debugging if configure makes a mistake.

It was created by FreeType configure 2.10, which was
generated by GNU Autoconf 2.69.  Invocation command line was

  $ ./configure --with-png=no

## --------- ##
## Platform. ##
## --------- ##

hostname = Justins-Mac-Pro.local
uname -m = x86_64
uname -r = 18.6.0
uname -s = Darwin
uname -v = Darwin Kernel Version 18.6.0: Thu Apr 25 23:16:27 PDT 2019; root:xnu-4903.261.4~2/RELEASE_X86_64

/usr/bin/uname -p = i386
/bin/uname -X     = unknown

/bin/arch              = unknown
/usr/bin/arch -k       = unknown
/usr/convex/getsysinfo = unknown
/usr/bin/hostinfo      = Mach kernel version:
	 Darwin Kernel Version 18.6.0: Thu Apr 25 23:16:27 PDT 2019; root:xnu-4903.261.4~2/RELEASE_X86_64
Kernel configured for up to 12 processors.
6 processors are physically available.
12 processors are logically available.
Processor type: x86_64h (Intel x86-64h Haswell)
Processors active: 0 1 2 3 4 5 6 7 8 9 10 11
Primary memory available: 64.00 gigabytes
Default processor set: 456 tasks, 2286 threads, 12 processors
Load average: 4.27, Mach factor: 7.97
/bin/machine           = unknown
/usr/bin/oslevel       = unknown
/bin/universe          = unknown

PATH: /usr/local/Cellar/python/3.7.1/bin/
PATH: /Users/justingasper1/.local/bin
PATH: /Users/justingasper/anaconda3/bin
PATH: /Users/justingasper1/.rbenv/shims
PATH: /Users/justingasper/anaconda/bin
PATH: /opt/local/bin
PATH: /opt/local/sbin
PATH: /usr/local/bin
PATH: /usr/bin
PATH: /bin
PATH: /usr/sbin
PATH: /sbin
PATH: /Users/justingasper1/Library/Android/sdk/tools
PATH: /Users/justingasper1/Library/Android/sdk/platform-tools


## ----------- ##
## Core tests. ##
## ----------- ##

configure:2547: checking build system type
configure:2561: result: x86_64-apple-darwin18.6.0
configure:2581: checking host system type
configure:2594: result: x86_64-apple-darwin18.6.0
configure:2666: checking for gcc
configure:2682: found /usr/bin/gcc
configure:2693: result: gcc
configure:2922: checking for C compiler version
configure:2931: gcc --version >&5
Apple LLVM version 9.1.0 (clang-902.0.39.2)
Target: x86_64-apple-darwin18.6.0
Thread model: posix
InstalledDir: /Users/justingasper1/Downloads/Xcode.app/Contents/Developer/Toolchains/XcodeDefault.xctoolchain/usr/bin
Configured with: --prefix=/Users/justingasper1/Downloads/Xcode.app/Contents/Developer/usr --with-gxx-include-dir=/usr/include/c++/4.2.1
configure:2942: $? = 0
configure:2931: gcc -v >&5
Configured with: --prefix=/Users/justingasper1/Downloads/Xcode.app/Contents/Developer/usr --with-gxx-include-dir=/usr/include/c++/4.2.1
Apple LLVM version 9.1.0 (clang-902.0.39.2)
Target: x86_64-apple-darwin18.6.0
Thread model: posix
InstalledDir: /Users/justingasper1/Downloads/Xcode.app/Contents/Developer/Toolchains/XcodeDefault.xctoolchain/usr/bin
configure:2942: $? = 0
configure:2931: gcc -V >&5
clang: error: argument to '-V' is missing (expected 1 value)
clang: error: no input files
configure:2942: $? = 1
configure:2931: gcc -qversion >&5
clang: error: unknown argument: '-qversion'
clang: error: no input files
configure:2942: $? = 1
configure:2962: checking whether the C compiler works
configure:2984: gcc  -I/usr/local/opt/openssl/include -L/usr/local/opt/openssl/lib conftest.c  >&5
ld: warning: URGENT: building for OSX, but linking against dylib (/usr/lib/libSystem.dylib) built for (unknown). Note: This will be an error in the future.
configure:2988: $? = 0
configure:3036: result: yes
configure:3039: checking for C compiler default output file name
configure:3041: result: a.out
configure:3047: checking for suffix of executables
configure:3054: gcc -o conftest  -I/usr/local/opt/openssl/include -L/usr/local/opt/openssl/lib conftest.c  >&5
ld: warning: URGENT: building for OSX, but linking against dylib (/usr/lib/libSystem.dylib) built for (unknown). Note: This will be an error in the future.
configure:3058: $? = 0
configure:3080: result: 
configure:3102: checking whether we are cross compiling
configure:3110: gcc -o conftest  -I/usr/local/opt/openssl/include -L/usr/local/opt/openssl/lib conftest.c  >&5
ld: warning: URGENT: building for OSX, but linking against dylib (/usr/lib/libSystem.dylib) built for (unknown). Note: This will be an error in the future.
configure:3114: $? = 0
configure:3121: ./conftest
configure:3125: $? = 0
configure:3140: result: no
configure:3145: checking for suffix of object files
configure:3167: gcc -c  -I/usr/local/opt/openssl/include conftest.c >&5
configure:3171: $? = 0
configure:3192: result: o
configure:3196: checking whether we are using the GNU C compiler
configure:3215: gcc -c  -I/usr/local/opt/openssl/include conftest.c >&5
configure:3215: $? = 0
configure:3224: result: yes
configure:3233: checking whether gcc accepts -g
configure:3253: gcc -c -g -I/usr/local/opt/openssl/include conftest.c >&5
configure:3253: $? = 0
configure:3294: result: yes
configure:3311: checking for gcc option to accept ISO C89
configure:3374: gcc  -c -g -O2 -I/usr/local/opt/openssl/include conftest.c >&5
configure:3374: $? = 0
configure:3387: result: none needed
configure:3412: checking how to run the C preprocessor
configure:3443: gcc -E -I/usr/local/opt/openssl/include conftest.c
configure:3443: $? = 0
configure:3457: gcc -E -I/usr/local/opt/openssl/include conftest.c
conftest.c:9:10: fatal error: 'ac_nonexistent.h' file not found
#include <ac_nonexistent.h>
         ^~~~~~~~~~~~~~~~~~
1 error generated.
configure:3457: $? = 1
configure: failed program was:
| /* confdefs.h */
| #define PACKAGE_NAME "FreeType"
| #define PACKAGE_TARNAME "freetype"
| #define PACKAGE_VERSION "2.10"
| #define PACKAGE_STRING "FreeType 2.10"
| #define PACKAGE_BUGREPORT "freetype@nongnu.org"
| #define PACKAGE_URL ""
| /* end confdefs.h.  */
| #include <ac_nonexistent.h>
configure:3482: result: gcc -E
configure:3502: gcc -E -I/usr/local/opt/openssl/include conftest.c
configure:3502: $? = 0
configure:3516: gcc -E -I/usr/local/opt/openssl/include conftest.c
conftest.c:9:10: fatal error: 'ac_nonexistent.h' file not found
#include <ac_nonexistent.h>
         ^~~~~~~~~~~~~~~~~~
1 error generated.
configure:3516: $? = 1
configure: failed program was:
| /* confdefs.h */
| #define PACKAGE_NAME "FreeType"
| #define PACKAGE_TARNAME "freetype"
| #define PACKAGE_VERSION "2.10"
| #define PACKAGE_STRING "FreeType 2.10"
| #define PACKAGE_BUGREPORT "freetype@nongnu.org"
| #define PACKAGE_URL ""
| /* end confdefs.h.  */
| #include <ac_nonexistent.h>
configure:3600: checking for pkg-config
configure:3618: found /usr/local/bin/pkg-config
configure:3630: result: /usr/local/bin/pkg-config
configure:3655: checking pkg-config is at least version 0.24
configure:3658: result: yes
configure:3713: checking how to print strings
configure:3740: result: printf
configure:3761: checking for a sed that does not truncate output
configure:3825: result: /usr/local/bin/gsed
configure:3843: checking for grep that handles long lines and -e
configure:3901: result: /usr/bin/grep
configure:3906: checking for egrep
configure:3968: result: /usr/bin/grep -E
configure:3973: checking for fgrep
configure:4035: result: /usr/bin/grep -F
configure:4070: checking for ld used by gcc
configure:4137: result: /Users/justingasper1/Downloads/Xcode.app/Contents/Developer/Toolchains/XcodeDefault.xctoolchain/usr/bin/ld
configure:4144: checking if the linker (/Users/justingasper1/Downloads/Xcode.app/Contents/Developer/Toolchains/XcodeDefault.xctoolchain/usr/bin/ld) is GNU ld
configure:4159: result: no
configure:4171: checking for BSD- or MS-compatible name lister (nm)
configure:4225: result: /usr/bin/nm -B
configure:4355: checking the name lister (/usr/bin/nm -B) interface
configure:4362: gcc -c -g -O2 -I/usr/local/opt/openssl/include conftest.c >&5
configure:4365: /usr/bin/nm -B "conftest.o"
configure:4368: output
0000000000000200 S _some_variable
configure:4375: result: BSD nm
configure:4378: checking whether ln -s works
configure:4382: result: yes
configure:4390: checking the maximum length of command line arguments
configure:4521: result: 196608
configure:4569: checking how to convert x86_64-apple-darwin18.6.0 file names to x86_64-apple-darwin18.6.0 format
configure:4609: result: func_convert_file_noop
configure:4616: checking how to convert x86_64-apple-darwin18.6.0 file names to toolchain format
configure:4636: result: func_convert_file_noop
configure:4643: checking for /Users/justingasper1/Downloads/Xcode.app/Contents/Developer/Toolchains/XcodeDefault.xctoolchain/usr/bin/ld option to reload object files
configure:4650: result: -r
configure:4724: checking for objdump
configure:4740: found /usr/bin/objdump
configure:4751: result: objdump
configure:4780: checking how to recognize dependent libraries
configure:4980: result: pass_all
configure:5065: checking for dlltool
configure:5095: result: no
configure:5122: checking how to associate runtime and link libraries
configure:5149: result: printf %s\n
configure:5210: checking for ar
configure:5226: found /usr/bin/ar
configure:5237: result: ar
configure:5274: checking for archiver @FILE support
configure:5291: gcc -c -g -O2 -I/usr/local/opt/openssl/include conftest.c >&5
configure:5291: $? = 0
configure:5294: ar cru libconftest.a @conftest.lst >&5
ar: @conftest.lst: No such file or directory
configure:5297: $? = 1
configure:5317: result: no
configure:5375: checking for strip
configure:5391: found /usr/bin/strip
configure:5402: result: strip
configure:5474: checking for ranlib
configure:5490: found /usr/bin/ranlib
configure:5501: result: ranlib
configure:5578: checking for gawk
configure:5608: result: no
configure:5578: checking for mawk
configure:5608: result: no
configure:5578: checking for nawk
configure:5608: result: no
configure:5578: checking for awk
configure:5594: found /usr/bin/awk
configure:5605: result: awk
configure:5645: checking command to parse /usr/bin/nm -B output from gcc object
configure:5798: gcc -c -g -O2 -I/usr/local/opt/openssl/include conftest.c >&5
configure:5801: $? = 0
configure:5805: /usr/bin/nm -B conftest.o \| sed -n -e 's/^.*[ ]\([BCDEGRST][BCDEGRST]*\)[ ][ ]*\([_A-Za-z][_A-Za-z0-9]*\)$/\1 \2 \2/p' | sed '/ __gnu_lto/d' \> conftest.nm
configure:5808: $? = 0
cannot find nm_test_var in conftest.nm
configure:5798: gcc -c -g -O2 -I/usr/local/opt/openssl/include conftest.c >&5
configure:5801: $? = 0
configure:5805: /usr/bin/nm -B conftest.o \| sed -n -e 's/^.*[ ]\([BCDEGRST][BCDEGRST]*\)[ ][ ]*_\([_A-Za-z][_A-Za-z0-9]*\)$/\1 _\2 \2/p' | sed '/ __gnu_lto/d' \> conftest.nm
configure:5808: $? = 0
configure:5874: gcc -o conftest -g -O2 -I/usr/local/opt/openssl/include -L/usr/local/opt/openssl/lib conftest.c conftstm.o >&5
ld: warning: URGENT: building for OSX, but linking against dylib (/usr/lib/libSystem.dylib) built for (unknown). Note: This will be an error in the future.
warning: (x86_64)  could not find object file symbol for symbol _main
configure:5877: $? = 0
configure:5915: result: ok
configure:5962: checking for sysroot
configure:5992: result: no
configure:5999: checking for a working dd
configure:6037: result: /bin/dd
configure:6041: checking how to truncate binary pipes
configure:6056: result: /bin/dd bs=4096 count=1
configure:6385: checking for mt
configure:6415: result: no
configure:6435: checking if : is a manifest tool
configure:6441: : '-?'
configure:6449: result: no
configure:6505: checking for dsymutil
configure:6521: found /usr/bin/dsymutil
configure:6532: result: dsymutil
configure:6597: checking for nmedit
configure:6613: found /usr/bin/nmedit
configure:6624: result: nmedit
configure:6689: checking for lipo
configure:6705: found /usr/bin/lipo
configure:6716: result: lipo
configure:6781: checking for otool
configure:6797: found /usr/bin/otool
configure:6808: result: otool
configure:6873: checking for otool64
configure:6903: result: no
configure:6948: checking for -single_module linker flag
gcc -g -O2 -L/usr/local/opt/openssl/lib -o libconftest.dylib -dynamiclib -Wl,-single_module conftest.c
configure:6981: result: yes
configure:6984: checking for -exported_symbols_list linker flag
configure:7004: gcc -o conftest -g -O2 -I/usr/local/opt/openssl/include -L/usr/local/opt/openssl/lib -Wl,-exported_symbols_list,conftest.sym conftest.c  >&5
ld: warning: URGENT: building for OSX, but linking against dylib (/usr/lib/libSystem.dylib) built for (unknown). Note: This will be an error in the future.
configure:7004: $? = 0
configure:7014: result: yes
configure:7017: checking for -force_load linker flag
gcc -g -O2 -c -o conftest.o conftest.c
ar cru libconftest.a conftest.o
ranlib libconftest.a
gcc -g -O2 -L/usr/local/opt/openssl/lib -o conftest conftest.c -Wl,-force_load,./libconftest.a
configure:7049: result: yes
configure:7122: checking for ANSI C header files
configure:7142: gcc -c -g -O2 -I/usr/local/opt/openssl/include conftest.c >&5
configure:7142: $? = 0
configure:7215: gcc -o conftest -g -O2 -I/usr/local/opt/openssl/include -L/usr/local/opt/openssl/lib conftest.c  >&5
ld: warning: URGENT: building for OSX, but linking against dylib (/usr/lib/libSystem.dylib) built for (unknown). Note: This will be an error in the future.
configure:7215: $? = 0
configure:7215: ./conftest
configure:7215: $? = 0
configure:7226: result: yes
configure:7239: checking for sys/types.h
configure:7239: gcc -c -g -O2 -I/usr/local/opt/openssl/include conftest.c >&5
configure:7239: $? = 0
configure:7239: result: yes
configure:7239: checking for sys/stat.h
configure:7239: gcc -c -g -O2 -I/usr/local/opt/openssl/include conftest.c >&5
configure:7239: $? = 0
configure:7239: result: yes
configure:7239: checking for stdlib.h
configure:7239: gcc -c -g -O2 -I/usr/local/opt/openssl/include conftest.c >&5
configure:7239: $? = 0
configure:7239: result: yes
configure:7239: checking for string.h
configure:7239: gcc -c -g -O2 -I/usr/local/opt/openssl/include conftest.c >&5
configure:7239: $? = 0
configure:7239: result: yes
configure:7239: checking for memory.h
configure:7239: gcc -c -g -O2 -I/usr/local/opt/openssl/include conftest.c >&5
configure:7239: $? = 0
configure:7239: result: yes
configure:7239: checking for strings.h
configure:7239: gcc -c -g -O2 -I/usr/local/opt/openssl/include conftest.c >&5
configure:7239: $? = 0
configure:7239: result: yes
configure:7239: checking for inttypes.h
configure:7239: gcc -c -g -O2 -I/usr/local/opt/openssl/include conftest.c >&5
configure:7239: $? = 0
configure:7239: result: yes
configure:7239: checking for stdint.h
configure:7239: gcc -c -g -O2 -I/usr/local/opt/openssl/include conftest.c >&5
configure:7239: $? = 0
configure:7239: result: yes
configure:7239: checking for unistd.h
configure:7239: gcc -c -g -O2 -I/usr/local/opt/openssl/include conftest.c >&5
configure:7239: $? = 0
configure:7239: result: yes
configure:7253: checking for dlfcn.h
configure:7253: gcc -c -g -O2 -I/usr/local/opt/openssl/include conftest.c >&5
configure:7253: $? = 0
configure:7253: result: yes
configure:7807: checking for objdir
configure:7822: result: .libs
configure:8082: checking if gcc supports -fno-rtti -fno-exceptions
configure:8100: gcc -c -g -O2 -I/usr/local/opt/openssl/include -fno-rtti -fno-exceptions conftest.c >&5
configure:8104: $? = 0
configure:8117: result: yes
configure:8475: checking for gcc option to produce PIC
configure:8482: result: -fno-common -DPIC
configure:8490: checking if gcc PIC flag -fno-common -DPIC works
configure:8508: gcc -c -g -O2 -I/usr/local/opt/openssl/include -fno-common -DPIC -DPIC conftest.c >&5
configure:8512: $? = 0
configure:8525: result: yes
configure:8554: checking if gcc static flag -static works
configure:8582: result: no
configure:8597: checking if gcc supports -c -o file.o
configure:8618: gcc -c -g -O2 -I/usr/local/opt/openssl/include -o out/conftest2.o conftest.c >&5
configure:8622: $? = 0
configure:8644: result: yes
configure:8652: checking if gcc supports -c -o file.o
configure:8699: result: yes
configure:8732: checking whether the gcc linker (/Users/justingasper1/Downloads/Xcode.app/Contents/Developer/Toolchains/XcodeDefault.xctoolchain/usr/bin/ld) supports shared libraries
configure:9991: result: yes
configure:10231: checking dynamic linker characteristics
configure:11049: result: darwin18.6.0 dyld
configure:11171: checking how to hardcode library paths into programs
configure:11196: result: immediate
configure:11744: checking whether stripping libraries is possible
configure:11758: result: yes
configure:11784: checking if libtool supports shared libraries
configure:11786: result: yes
configure:11789: checking whether to build shared libraries
configure:11814: result: yes
configure:11817: checking whether to build static libraries
configure:11821: result: yes
configure:11858: checking windows.h usability
configure:11858: gcc -c -g -O2 -I/usr/local/opt/openssl/include conftest.c >&5
conftest.c:54:10: fatal error: 'windows.h' file not found
#include <windows.h>
         ^~~~~~~~~~~
1 error generated.
configure:11858: $? = 1
configure: failed program was:
| /* confdefs.h */
| #define PACKAGE_NAME "FreeType"
| #define PACKAGE_TARNAME "freetype"
| #define PACKAGE_VERSION "2.10"
| #define PACKAGE_STRING "FreeType 2.10"
| #define PACKAGE_BUGREPORT "freetype@nongnu.org"
| #define PACKAGE_URL ""
| #define STDC_HEADERS 1
| #define HAVE_SYS_TYPES_H 1
| #define HAVE_SYS_STAT_H 1
| #define HAVE_STDLIB_H 1
| #define HAVE_STRING_H 1
| #define HAVE_MEMORY_H 1
| #define HAVE_STRINGS_H 1
| #define HAVE_INTTYPES_H 1
| #define HAVE_STDINT_H 1
| #define HAVE_UNISTD_H 1
| #define HAVE_DLFCN_H 1
| #define LT_OBJDIR ".libs/"
| /* end confdefs.h.  */
| #include <stdio.h>
| #ifdef HAVE_SYS_TYPES_H
| # include <sys/types.h>
| #endif
| #ifdef HAVE_SYS_STAT_H
| # include <sys/stat.h>
| #endif
| #ifdef STDC_HEADERS
| # include <stdlib.h>
| # include <stddef.h>
| #else
| # ifdef HAVE_STDLIB_H
| #  include <stdlib.h>
| # endif
| #endif
| #ifdef HAVE_STRING_H
| # if !defined STDC_HEADERS && defined HAVE_MEMORY_H
| #  include <memory.h>
| # endif
| # include <string.h>
| #endif
| #ifdef HAVE_STRINGS_H
| # include <strings.h>
| #endif
| #ifdef HAVE_INTTYPES_H
| # include <inttypes.h>
| #endif
| #ifdef HAVE_STDINT_H
| # include <stdint.h>
| #endif
| #ifdef HAVE_UNISTD_H
| # include <unistd.h>
| #endif
| #include <windows.h>
configure:11858: result: no
configure:11858: checking windows.h presence
configure:11858: gcc -E -I/usr/local/opt/openssl/include conftest.c
conftest.c:21:10: fatal error: 'windows.h' file not found
#include <windows.h>
         ^~~~~~~~~~~
1 error generated.
configure:11858: $? = 1
configure: failed program was:
| /* confdefs.h */
| #define PACKAGE_NAME "FreeType"
| #define PACKAGE_TARNAME "freetype"
| #define PACKAGE_VERSION "2.10"
| #define PACKAGE_STRING "FreeType 2.10"
| #define PACKAGE_BUGREPORT "freetype@nongnu.org"
| #define PACKAGE_URL ""
| #define STDC_HEADERS 1
| #define HAVE_SYS_TYPES_H 1
| #define HAVE_SYS_STAT_H 1
| #define HAVE_STDLIB_H 1
| #define HAVE_STRING_H 1
| #define HAVE_MEMORY_H 1
| #define HAVE_STRINGS_H 1
| #define HAVE_INTTYPES_H 1
| #define HAVE_STDINT_H 1
| #define HAVE_UNISTD_H 1
| #define HAVE_DLFCN_H 1
| #define LT_OBJDIR ".libs/"
| /* end confdefs.h.  */
| #include <windows.h>
configure:11858: result: no
configure:11858: checking for windows.h
configure:11858: result: no
configure:12211: checking for a BSD-compatible install
configure:12279: result: /usr/local/bin/ginstall -c
configure:12298: checking for a thread-safe mkdir -p
configure:12337: result: /usr/local/bin/gmkdir -p
configure:12351: checking for ANSI C header files
configure:12455: result: yes
configure:12466: checking fcntl.h usability
configure:12466: gcc -c -g -O2 -I/usr/local/opt/openssl/include conftest.c >&5
configure:12466: $? = 0
configure:12466: result: yes
configure:12466: checking fcntl.h presence
configure:12466: gcc -E -I/usr/local/opt/openssl/include conftest.c
configure:12466: $? = 0
configure:12466: result: yes
configure:12466: checking for fcntl.h
configure:12466: result: yes
configure:12466: checking for unistd.h
configure:12466: result: yes
configure:12480: checking for an ANSI C-conforming const
configure:12546: gcc -c -g -O2 -I/usr/local/opt/openssl/include conftest.c >&5
configure:12546: $? = 0
configure:12553: result: yes
configure:12565: checking size of int
configure:12570: gcc -o conftest -g -O2 -I/usr/local/opt/openssl/include -L/usr/local/opt/openssl/lib conftest.c  >&5
ld: warning: URGENT: building for OSX, but linking against dylib (/usr/lib/libSystem.dylib) built for (unknown). Note: This will be an error in the future.
configure:12570: $? = 0
configure:12570: ./conftest
configure:12570: $? = 0
configure:12584: result: 4
configure:12598: checking size of long
configure:12603: gcc -o conftest -g -O2 -I/usr/local/opt/openssl/include -L/usr/local/opt/openssl/lib conftest.c  >&5
ld: warning: URGENT: building for OSX, but linking against dylib (/usr/lib/libSystem.dylib) built for (unknown). Note: This will be an error in the future.
configure:12603: $? = 0
configure:12603: ./conftest
configure:12603: $? = 0
configure:12617: result: 8
configure:12628: checking for unsigned long long int
configure:12667: gcc -o conftest -g -O2 -I/usr/local/opt/openssl/include -L/usr/local/opt/openssl/lib conftest.c  >&5
ld: warning: URGENT: building for OSX, but linking against dylib (/usr/lib/libSystem.dylib) built for (unknown). Note: This will be an error in the future.
configure:12667: $? = 0
configure:12676: result: yes
configure:12686: checking for long long int
configure:12724: gcc -o conftest -g -O2 -I/usr/local/opt/openssl/include -L/usr/local/opt/openssl/lib conftest.c  >&5
ld: warning: URGENT: building for OSX, but linking against dylib (/usr/lib/libSystem.dylib) built for (unknown). Note: This will be an error in the future.
configure:12724: $? = 0
configure:12724: ./conftest
configure:12724: $? = 0
configure:12736: result: yes
configure:12748: checking whether cpp computation of bit length in ftconfig.in works
configure:12803: result: yes
configure:12846: checking for special C compiler options needed for large files
configure:12891: result: no
configure:12897: checking for _FILE_OFFSET_BITS value needed for large files
configure:12922: gcc -c -g -O2 -I/usr/local/opt/openssl/include conftest.c >&5
configure:12922: $? = 0
configure:12954: result: no
configure:13056: checking for stdlib.h
configure:13056: result: yes
configure:13056: checking for unistd.h
configure:13056: result: yes
configure:13056: checking for sys/param.h
configure:13056: gcc -c -g -O2 -I/usr/local/opt/openssl/include conftest.c >&5
configure:13056: $? = 0
configure:13056: result: yes
configure:13076: checking for getpagesize
configure:13076: gcc -o conftest -g -O2 -I/usr/local/opt/openssl/include -L/usr/local/opt/openssl/lib conftest.c  >&5
ld: warning: URGENT: building for OSX, but linking against dylib (/usr/lib/libSystem.dylib) built for (unknown). Note: This will be an error in the future.
configure:13076: $? = 0
configure:13076: result: yes
configure:13085: checking for working mmap
configure:13232: gcc -o conftest -g -O2 -I/usr/local/opt/openssl/include -L/usr/local/opt/openssl/lib conftest.c  >&5
ld: warning: URGENT: building for OSX, but linking against dylib (/usr/lib/libSystem.dylib) built for (unknown). Note: This will be an error in the future.
configure:13232: $? = 0
configure:13232: ./conftest
configure:13232: $? = 0
configure:13242: result: yes
configure:13258: checking whether munmap is declared
configure:13258: gcc -c -g -O2 -I/usr/local/opt/openssl/include conftest.c >&5
configure:13258: $? = 0
configure:13258: result: yes
configure:13278: checking for munmap's first parameter type
configure:13292: gcc -c -g -O2 -I/usr/local/opt/openssl/include conftest.c >&5
configure:13292: $? = 0
configure:13293: result: void *
configure:13310: checking for memcpy
configure:13310: gcc -o conftest -g -O2 -I/usr/local/opt/openssl/include -L/usr/local/opt/openssl/lib conftest.c  >&5
conftest.c:58:6: warning: incompatible redeclaration of library function 'memcpy' [-Wincompatible-library-redeclaration]
char memcpy ();
     ^
conftest.c:58:6: note: 'memcpy' is a builtin with type 'void *(void *, const void *, unsigned long)'
1 warning generated.
ld: warning: URGENT: building for OSX, but linking against dylib (/usr/lib/libSystem.dylib) built for (unknown). Note: This will be an error in the future.
configure:13310: $? = 0
configure:13310: result: yes
configure:13310: checking for memmove
configure:13310: gcc -o conftest -g -O2 -I/usr/local/opt/openssl/include -L/usr/local/opt/openssl/lib conftest.c  >&5
conftest.c:59:6: warning: incompatible redeclaration of library function 'memmove' [-Wincompatible-library-redeclaration]
char memmove ();
     ^
conftest.c:59:6: note: 'memmove' is a builtin with type 'void *(void *, const void *, unsigned long)'
1 warning generated.
ld: warning: URGENT: building for OSX, but linking against dylib (/usr/lib/libSystem.dylib) built for (unknown). Note: This will be an error in the future.
configure:13310: $? = 0
configure:13310: result: yes
configure:13362: checking gcc compiler flag -ansi to assure ANSI C works correctly
configure:13389: gcc -c -g -O2  -ansi -I/usr/local/opt/openssl/include conftest.c >&5
configure:13389: $? = 0
configure:13390: result: ok, adding to XX_ANSIFLAGS
configure:13424: checking for -fvisibility=hidden compiler flag
configure:13439: gcc -o conftest -g -O2 -fvisibility=hidden -I/usr/local/opt/openssl/include -L/usr/local/opt/openssl/lib conftest.c  >&5
ld: warning: URGENT: building for OSX, but linking against dylib (/usr/lib/libSystem.dylib) built for (unknown). Note: This will be an error in the future.
configure:13439: $? = 0
configure:13441: result: yes
configure:13514: $PKG_CONFIG --exists --print-errors "$zlib_pkg"
configure:13517: $? = 0
configure:13524: checking for ZLIB
configure:13531: $PKG_CONFIG --exists --print-errors "$zlib_pkg"
configure:13534: $? = 0
configure:13548: $PKG_CONFIG --exists --print-errors "$zlib_pkg"
configure:13551: $? = 0
configure:13589: result: yes
configure:13684: $PKG_CONFIG --exists --print-errors "$bzip2_pkg"
Package bzip2 was not found in the pkg-config search path.
Perhaps you should add the directory containing `bzip2.pc'
to the PKG_CONFIG_PATH environment variable
No package 'bzip2' found
configure:13687: $? = 1
configure:13694: checking for BZIP2
configure:13701: $PKG_CONFIG --exists --print-errors "$bzip2_pkg"
Package bzip2 was not found in the pkg-config search path.
Perhaps you should add the directory containing `bzip2.pc'
to the PKG_CONFIG_PATH environment variable
No package 'bzip2' found
configure:13704: $? = 1
configure:13718: $PKG_CONFIG --exists --print-errors "$bzip2_pkg"
Package bzip2 was not found in the pkg-config search path.
Perhaps you should add the directory containing `bzip2.pc'
to the PKG_CONFIG_PATH environment variable
No package 'bzip2' found
configure:13721: $? = 1
configure:13735: result: no
No package 'bzip2' found
configure:13779: checking for BZ2_bzDecompress in -lbz2
configure:13804: gcc -o conftest -g -O2 -fvisibility=hidden -I/usr/local/opt/openssl/include -L/usr/local/opt/openssl/lib conftest.c -lbz2   >&5
ld: warning: ld: warning: URGENT: building for OSX, but linking against dylib (/usr/lib/libbz2.dylib) built for (unknown). Note: This will be an error in the future.URGENT: building for OSX, but linking against dylib (/usr/lib/libSystem.dylib) built for (unknown). Note: This will be an error in the future.

configure:13804: $? = 0
configure:13813: result: yes
configure:13816: checking bzlib.h usability
configure:13816: gcc -c -g -O2 -fvisibility=hidden -I/usr/local/opt/openssl/include conftest.c >&5
configure:13816: $? = 0
configure:13816: result: yes
configure:13816: checking bzlib.h presence
configure:13816: gcc -E -I/usr/local/opt/openssl/include conftest.c
configure:13816: $? = 0
configure:13816: result: yes
configure:13816: checking for bzlib.h
configure:13816: result: yes
configure:13990: $PKG_CONFIG --exists --print-errors "$harfbuzz_pkg"
configure:13993: $? = 0
configure:14000: checking for HARFBUZZ
configure:14007: $PKG_CONFIG --exists --print-errors "$harfbuzz_pkg"
configure:14010: $? = 0
configure:14024: $PKG_CONFIG --exists --print-errors "$harfbuzz_pkg"
configure:14027: $? = 0
configure:14065: result: yes
configure:14104: checking for library containing clock_gettime
configure:14135: gcc -o conftest -g -O2 -fvisibility=hidden -I/usr/local/opt/openssl/include -L/usr/local/opt/openssl/lib conftest.c  >&5
ld: warning: URGENT: building for OSX, but linking against dylib (/usr/lib/libSystem.dylib) built for (unknown). Note: This will be an error in the future.
configure:14135: $? = 0
configure:14152: result: none required
configure:14747: checking for python3
configure:14763: found /usr/local/Cellar/python/3.7.1/bin//python3
configure:14774: result: python3
configure:14792: checking for pip3
configure:14808: found /usr/local/Cellar/python/3.7.1/bin//pip3
configure:14819: result: pip3
configure:14833: checking for `docwriter' Python module
configure:14841: result: no
configure:15089: creating ./config.status

## ---------------------- ##
## Running config.status. ##
## ---------------------- ##

This file was extended by FreeType config.status 2.10, which was
generated by GNU Autoconf 2.69.  Invocation command line was

  CONFIG_FILES    = 
  CONFIG_HEADERS  = 
  CONFIG_LINKS    = 
  CONFIG_COMMANDS = 
  $ ./config.status 

on Justins-Mac-Pro.local

config.status:1143: creating ftoption.h
config.status:1143: creating unix-cc.mk
config.status:1143: creating unix-def.mk
config.status:1143: creating ftconfig.h
config.status:1338: executing libtool commands
configure:17338:

Library configuration:
  external zlib: yes (pkg-config)
  bzip2:         yes (autoconf test)
  libpng:        no
  harfbuzz:      yes (pkg-config)

configure:17356:
  Warning: `make refdoc' will fail since pip package `docwriter' is not
  installed.  To install, run `pip3 install docwriter', or to use a python
  virtual environment, run `make refdoc-venv' (requires pip package
  `virtualenv').
  

## ---------------- ##
## Cache variables. ##
## ---------------- ##

ac_cv_build=x86_64-apple-darwin18.6.0
ac_cv_c_compiler_gnu=yes
ac_cv_c_const=yes
ac_cv_env_BZIP2_CFLAGS_set=
ac_cv_env_BZIP2_CFLAGS_value=
ac_cv_env_BZIP2_LIBS_set=
ac_cv_env_BZIP2_LIBS_value=
ac_cv_env_CC_set=
ac_cv_env_CC_value=
ac_cv_env_CFLAGS_set=
ac_cv_env_CFLAGS_value=
ac_cv_env_CPPFLAGS_set=set
ac_cv_env_CPPFLAGS_value=-I/usr/local/opt/openssl/include
ac_cv_env_CPP_set=
ac_cv_env_CPP_value=
ac_cv_env_HARFBUZZ_CFLAGS_set=
ac_cv_env_HARFBUZZ_CFLAGS_value=
ac_cv_env_HARFBUZZ_LIBS_set=
ac_cv_env_HARFBUZZ_LIBS_value=
ac_cv_env_LDFLAGS_set=set
ac_cv_env_LDFLAGS_value=-L/usr/local/opt/openssl/lib
ac_cv_env_LIBPNG_CFLAGS_set=
ac_cv_env_LIBPNG_CFLAGS_value=
ac_cv_env_LIBPNG_LIBS_set=set
ac_cv_env_LIBPNG_LIBS_value='-L../png/.libs -lpng16'
ac_cv_env_LIBS_set=
ac_cv_env_LIBS_value=
ac_cv_env_LT_SYS_LIBRARY_PATH_set=
ac_cv_env_LT_SYS_LIBRARY_PATH_value=
ac_cv_env_PKG_CONFIG_LIBDIR_set=
ac_cv_env_PKG_CONFIG_LIBDIR_value=
ac_cv_env_PKG_CONFIG_PATH_set=set
ac_cv_env_PKG_CONFIG_PATH_value=/usr/local/opt/openssl/lib/pkgconfig
ac_cv_env_PKG_CONFIG_set=
ac_cv_env_PKG_CONFIG_value=
ac_cv_env_ZLIB_CFLAGS_set=
ac_cv_env_ZLIB_CFLAGS_value=
ac_cv_env_ZLIB_LIBS_set=
ac_cv_env_ZLIB_LIBS_value=
ac_cv_env_build_alias_set=
ac_cv_env_build_alias_value=
ac_cv_env_host_alias_set=
ac_cv_env_host_alias_value=
ac_cv_env_target_alias_set=
ac_cv_env_target_alias_value=
ac_cv_func_getpagesize=yes
ac_cv_func_memcpy=yes
ac_cv_func_memmove=yes
ac_cv_func_mmap_fixed_mapped=yes
ac_cv_have_decl_munmap=yes
ac_cv_header_bzlib_h=yes
ac_cv_header_dlfcn_h=yes
ac_cv_header_fcntl_h=yes
ac_cv_header_inttypes_h=yes
ac_cv_header_memory_h=yes
ac_cv_header_stdc=yes
ac_cv_header_stdint_h=yes
ac_cv_header_stdlib_h=yes
ac_cv_header_string_h=yes
ac_cv_header_strings_h=yes
ac_cv_header_sys_param_h=yes
ac_cv_header_sys_stat_h=yes
ac_cv_header_sys_types_h=yes
ac_cv_header_unistd_h=yes
ac_cv_header_windows_h=no
ac_cv_host=x86_64-apple-darwin18.6.0
ac_cv_lib_bz2_BZ2_bzDecompress=yes
ac_cv_objext=o
ac_cv_path_EGREP='/usr/bin/grep -E'
ac_cv_path_FGREP='/usr/bin/grep -F'
ac_cv_path_GREP=/usr/bin/grep
ac_cv_path_SED=/usr/local/bin/gsed
ac_cv_path_ac_pt_PKG_CONFIG=/usr/local/bin/pkg-config
ac_cv_path_install='/usr/local/bin/ginstall -c'
ac_cv_path_lt_DD=/bin/dd
ac_cv_path_mkdir=/usr/local/bin/gmkdir
ac_cv_prog_AWK=awk
ac_cv_prog_CPP='gcc -E'
ac_cv_prog_PIP=pip3
ac_cv_prog_PYTHON=python3
ac_cv_prog_ac_ct_AR=ar
ac_cv_prog_ac_ct_CC=gcc
ac_cv_prog_ac_ct_DSYMUTIL=dsymutil
ac_cv_prog_ac_ct_LIPO=lipo
ac_cv_prog_ac_ct_NMEDIT=nmedit
ac_cv_prog_ac_ct_OBJDUMP=objdump
ac_cv_prog_ac_ct_OTOOL=otool
ac_cv_prog_ac_ct_RANLIB=ranlib
ac_cv_prog_ac_ct_STRIP=strip
ac_cv_prog_cc_c89=
ac_cv_prog_cc_g=yes
ac_cv_search_clock_gettime='none required'
ac_cv_sizeof_int=4
ac_cv_sizeof_long=8
ac_cv_sys_file_offset_bits=no
ac_cv_sys_largefile_CC=no
ac_cv_type_long_long_int=yes
ac_cv_type_unsigned_long_long_int=yes
lt_cv_apple_cc_single_mod=yes
lt_cv_ar_at_file=no
lt_cv_deplibs_check_method=pass_all
lt_cv_file_magic_cmd='$MAGIC_CMD'
lt_cv_file_magic_test_file=
lt_cv_ld_exported_symbols_list=yes
lt_cv_ld_force_load=yes
lt_cv_ld_reload_flag=-r
lt_cv_nm_interface='BSD nm'
lt_cv_objdir=.libs
lt_cv_path_LD=/Users/justingasper1/Downloads/Xcode.app/Contents/Developer/Toolchains/XcodeDefault.xctoolchain/usr/bin/ld
lt_cv_path_NM='/usr/bin/nm -B'
lt_cv_path_mainfest_tool=no
lt_cv_prog_compiler_c_o=yes
lt_cv_prog_compiler_pic='-fno-common -DPIC'
lt_cv_prog_compiler_pic_works=yes
lt_cv_prog_compiler_rtti_exceptions=yes
lt_cv_prog_compiler_static_works=no
lt_cv_prog_gnu_ld=no
lt_cv_sharedlib_from_linklib_cmd='printf %s\n'
lt_cv_sys_global_symbol_pipe='sed -n -e '\''s/^.*[	 ]\([BCDEGRST][BCDEGRST]*\)[	 ][	 ]*_\([_A-Za-z][_A-Za-z0-9]*\)$/\1 _\2 \2/p'\'' | sed '\''/ __gnu_lto/d'\'''
lt_cv_sys_global_symbol_to_c_name_address='sed -n -e '\''s/^: \(.*\) .*$/  {"\1", (void *) 0},/p'\'' -e '\''s/^[BCDEGRST][BCDEGRST]* .* \(.*\)$/  {"\1", (void *) \&\1},/p'\'''
lt_cv_sys_global_symbol_to_c_name_address_lib_prefix='sed -n -e '\''s/^: \(.*\) .*$/  {"\1", (void *) 0},/p'\'' -e '\''s/^[BCDEGRST][BCDEGRST]* .* \(lib.*\)$/  {"\1", (void *) \&\1},/p'\'' -e '\''s/^[BCDEGRST][BCDEGRST]* .* \(.*\)$/  {"lib\1", (void *) \&\1},/p'\'''
lt_cv_sys_global_symbol_to_cdecl='sed -n -e '\''s/^T .* \(.*\)$/extern int \1();/p'\'' -e '\''s/^[BCDEGRST][BCDEGRST]* .* \(.*\)$/extern char \1;/p'\'''
lt_cv_sys_global_symbol_to_import=
lt_cv_sys_max_cmd_len=196608
lt_cv_to_host_file_cmd=func_convert_file_noop
lt_cv_to_tool_file_cmd=func_convert_file_noop
lt_cv_truncate_bin='/bin/dd bs=4096 count=1'
pkg_cv_HARFBUZZ_CFLAGS='-I/usr/local/Cellar/harfbuzz/2.4.0_1/include/harfbuzz -I/usr/local/Cellar/glib/2.60.2/include/glib-2.0 -I/usr/local/Cellar/glib/2.60.2/lib/glib-2.0/include -I/usr/local/opt/gettext/include -I/usr/local/Cellar/pcre/8.43/include -I/usr/local/Cellar/graphite2/1.3.13/include'
pkg_cv_HARFBUZZ_LIBS='-L/usr/local/Cellar/harfbuzz/2.4.0_1/lib -lharfbuzz'
pkg_cv_ZLIB_CFLAGS=
pkg_cv_ZLIB_LIBS=-lz

## ----------------- ##
## Output variables. ##
## ----------------- ##

AR='ar'
AS='as'
AWK='awk'
BZIP2_CFLAGS=''
BZIP2_LIBS='-lbz2'
CC='gcc'
CC_BUILD='gcc'
CFLAGS='-g -O2 -fvisibility=hidden -DDARWIN_NO_CARBON   -I/usr/local/Cellar/harfbuzz/2.4.0_1/include/harfbuzz -I/usr/local/Cellar/glib/2.60.2/include/glib-2.0 -I/usr/local/Cellar/glib/2.60.2/lib/glib-2.0/include -I/usr/local/opt/gettext/include -I/usr/local/Cellar/pcre/8.43/include -I/usr/local/Cellar/graphite2/1.3.13/include'
CPP='gcc -E'
CPPFLAGS='-I/usr/local/opt/openssl/include'
DEFS='-DHAVE_CONFIG_H'
DLLTOOL='false'
DSYMUTIL='dsymutil'
DUMPBIN=''
ECHO_C='\c'
ECHO_N=''
ECHO_T=''
EGREP='/usr/bin/grep -E'
EXEEXT=''
EXEEXT_BUILD=''
FGREP='/usr/bin/grep -F'
FTSYS_SRC='$(BUILD_DIR)/ftsystem.c'
GREP='/usr/bin/grep'
HARFBUZZ_CFLAGS='-I/usr/local/Cellar/harfbuzz/2.4.0_1/include/harfbuzz -I/usr/local/Cellar/glib/2.60.2/include/glib-2.0 -I/usr/local/Cellar/glib/2.60.2/lib/glib-2.0/include -I/usr/local/opt/gettext/include -I/usr/local/Cellar/pcre/8.43/include -I/usr/local/Cellar/graphite2/1.3.13/include'
HARFBUZZ_LIBS='-L/usr/local/Cellar/harfbuzz/2.4.0_1/lib -lharfbuzz'
INSTALL_DATA='${INSTALL} -m 644'
INSTALL_FT2_CONFIG='FALSE'
INSTALL_PROGRAM='${INSTALL}'
INSTALL_SCRIPT='${INSTALL}'
LD='/Users/justingasper1/Downloads/Xcode.app/Contents/Developer/Toolchains/XcodeDefault.xctoolchain/usr/bin/ld'
LDFLAGS='-L/usr/local/opt/openssl/lib -lz -lbz2 -L/usr/local/Cellar/harfbuzz/2.4.0_1/lib -lharfbuzz'
LIBOBJS=''
LIBPNG_CFLAGS=''
LIBPNG_LIBS='-L../png/.libs -lpng16'
LIBS=''
LIBSSTATIC_CONFIG='-lfreetype -lz -lbz2 -L/usr/local/Cellar/harfbuzz/2.4.0_1/lib -L/usr/local/Cellar/glib/2.60.2/lib -L/usr/local/opt/gettext/lib -L/usr/local/Cellar/pcre/8.43/lib -L/usr/local/Cellar/graphite2/1.3.13/lib -lharfbuzz -lm -framework ApplicationServices -lglib-2.0 -lintl -Wl,-framework,CoreFoundation -Wl,-framework,Carbon -Wl,-framework,Foundation -Wl,-framework,AppKit -liconv -lpcre -D_THREAD_SAFE -pthread -lgraphite2'
LIBS_PRIVATE='-lbz2'
LIBTOOL='$(SHELL) $(top_builddir)/libtool'
LIB_CLOCK_GETTIME=''
LIPO='lipo'
LN_S='ln -s'
LTLIBOBJS=''
LT_SYS_LIBRARY_PATH=''
MANIFEST_TOOL=':'
MKDIR_P='/usr/local/bin/gmkdir -p'
NM='/usr/bin/nm -B'
NMEDIT='nmedit'
OBJDUMP='objdump'
OBJEXT='o'
OTOOL64=':'
OTOOL='otool'
PACKAGE_BUGREPORT='freetype@nongnu.org'
PACKAGE_NAME='FreeType'
PACKAGE_STRING='FreeType 2.10'
PACKAGE_TARNAME='freetype'
PACKAGE_URL=''
PACKAGE_VERSION='2.10'
PATH_SEPARATOR=':'
PIP='pip3'
PKG_CONFIG='/usr/local/bin/pkg-config'
PKG_CONFIG_LIBDIR=''
PKG_CONFIG_PATH='/usr/local/opt/openssl/lib/pkgconfig'
PYTHON='python3'
RANLIB='ranlib'
RC=''
REQUIRES_PRIVATE='zlib, harfbuzz >= 1.3.0'
SED='/usr/local/bin/gsed'
SHELL='/bin/sh'
STRIP='strip'
XX_ANSIFLAGS=' -ansi'
XX_CFLAGS='-Wall'
ZLIB_CFLAGS=''
ZLIB_LIBS='-lz'
ac_ct_AR='ar'
ac_ct_CC='gcc'
ac_ct_DUMPBIN=''
bindir='${exec_prefix}/bin'
build='x86_64-apple-darwin18.6.0'
build_alias=''
build_cpu='x86_64'
build_libtool_libs=''
build_os='darwin18.6.0'
build_vendor='apple'
datadir='${datarootdir}'
datarootdir='${prefix}/share'
docdir='${datarootdir}/doc/${PACKAGE_TARNAME}'
dvidir='${docdir}'
exec_prefix='${prefix}'
ft_version='23.0.17'
ftmac_c=''
hardcode_libdir_flag_spec=''
host='x86_64-apple-darwin18.6.0'
host_alias=''
host_cpu='x86_64'
host_os='darwin18.6.0'
host_vendor='apple'
htmldir='${docdir}'
includedir='${prefix}/include'
infodir='${datarootdir}/info'
libdir='${exec_prefix}/lib'
libexecdir='${exec_prefix}/libexec'
localedir='${datarootdir}/locale'
localstatedir='${prefix}/var'
mandir='${datarootdir}/man'
oldincludedir='/usr/include'
pdfdir='${docdir}'
prefix='/usr/local'
program_transform_name='s,x,x,'
psdir='${docdir}'
sbindir='${exec_prefix}/sbin'
sharedstatedir='${prefix}/com'
sysconfdir='${prefix}/etc'
target_alias=''
version_info='23:0:17'
wl='-Wl,'

## ----------- ##
## confdefs.h. ##
## ----------- ##

/* confdefs.h */
#define PACKAGE_NAME "FreeType"
#define PACKAGE_TARNAME "freetype"
#define PACKAGE_VERSION "2.10"
#define PACKAGE_STRING "FreeType 2.10"
#define PACKAGE_BUGREPORT "freetype@nongnu.org"
#define PACKAGE_URL ""
#define STDC_HEADERS 1
#define HAVE_SYS_TYPES_H 1
#define HAVE_SYS_STAT_H 1
#define HAVE_STDLIB_H 1
#define HAVE_STRING_H 1
#define HAVE_MEMORY_H 1
#define HAVE_STRINGS_H 1
#define HAVE_INTTYPES_H 1
#define HAVE_STDINT_H 1
#define HAVE_UNISTD_H 1
#define HAVE_DLFCN_H 1
#define LT_OBJDIR ".libs/"
#define STDC_HEADERS 1
#define HAVE_FCNTL_H 1
#define HAVE_UNISTD_H 1
#define SIZEOF_INT 4
#define SIZEOF_LONG 8
#define HAVE_UNSIGNED_LONG_LONG_INT 1
#define HAVE_LONG_LONG_INT 1
#define HAVE_STDLIB_H 1
#define HAVE_UNISTD_H 1
#define HAVE_SYS_PARAM_H 1
#define HAVE_GETPAGESIZE 1
#define HAVE_MMAP 1
#define HAVE_DECL_MUNMAP 1
#define MUNMAP_USES_VOIDP /**/
#define HAVE_MEMCPY 1
#define HAVE_MEMMOVE 1

configure: exit 0
